0 info it worked if it ends with ok
1 verbose cli [ '/usr/local/Cellar/node/7.2.1/bin/node',
1 verbose cli   '/usr/local/bin/npm',
1 verbose cli   'start' ]
2 info using npm@4.1.1
3 info using node@v7.2.1
4 verbose run-script [ 'prestart', 'start', 'poststart' ]
5 info lifecycle generator-react-frontend-boilerplate@1.3.7~prestart: generator-react-frontend-boilerplate@1.3.7
6 silly lifecycle generator-react-frontend-boilerplate@1.3.7~prestart: no script for prestart, continuing
7 info lifecycle generator-react-frontend-boilerplate@1.3.7~start: generator-react-frontend-boilerplate@1.3.7
8 verbose lifecycle generator-react-frontend-boilerplate@1.3.7~start: unsafe-perm in lifecycle true
9 verbose lifecycle generator-react-frontend-boilerplate@1.3.7~start: PATH: /usr/local/lib/node_modules/npm/bin/node-gyp-bin:/Users/mentor/Dev/whiteleaf/node_modules/.bin:/Library/Frameworks/Python.framework/Versions/3.5/bin:/Users/mentor/go:/Users/mentor/go/bin:/usr/local/bin:/usr/bin:/bin:/usr/sbin:/sbin:/Applications/Wireshark.app/Contents/MacOS
10 verbose lifecycle generator-react-frontend-boilerplate@1.3.7~start: CWD: /Users/mentor/Dev/whiteleaf
11 silly lifecycle generator-react-frontend-boilerplate@1.3.7~start: Args: [ '-c',
11 silly lifecycle   'git pull && NODE_ENV=development webpack --progress -d --watch' ]
12 silly lifecycle generator-react-frontend-boilerplate@1.3.7~start: Returned: code: 1  signal: null
13 info lifecycle generator-react-frontend-boilerplate@1.3.7~start: Failed to exec start script
14 verbose stack Error: generator-react-frontend-boilerplate@1.3.7 start: `git pull && NODE_ENV=development webpack --progress -d --watch`
14 verbose stack Exit status 1
14 verbose stack     at EventEmitter.<anonymous> (/usr/local/lib/node_modules/npm/lib/utils/lifecycle.js:279:16)
14 verbose stack     at emitTwo (events.js:106:13)
14 verbose stack     at EventEmitter.emit (events.js:191:7)
14 verbose stack     at ChildProcess.<anonymous> (/usr/local/lib/node_modules/npm/lib/utils/spawn.js:40:14)
14 verbose stack     at emitTwo (events.js:106:13)
14 verbose stack     at ChildProcess.emit (events.js:191:7)
14 verbose stack     at maybeClose (internal/child_process.js:885:16)
14 verbose stack     at Process.ChildProcess._handle.onexit (internal/child_process.js:226:5)
15 verbose pkgid generator-react-frontend-boilerplate@1.3.7
16 verbose cwd /Users/mentor/Dev/whiteleaf
17 error Darwin 16.7.0
18 error argv "/usr/local/Cellar/node/7.2.1/bin/node" "/usr/local/bin/npm" "start"
19 error node v7.2.1
20 error npm  v4.1.1
21 error code ELIFECYCLE
22 error generator-react-frontend-boilerplate@1.3.7 start: `git pull && NODE_ENV=development webpack --progress -d --watch`
22 error Exit status 1
23 error Failed at the generator-react-frontend-boilerplate@1.3.7 start script 'git pull && NODE_ENV=development webpack --progress -d --watch'.
23 error Make sure you have the latest version of node.js and npm installed.
23 error If you do, this is most likely a problem with the generator-react-frontend-boilerplate package,
23 error not with npm itself.
23 error Tell the author that this fails on your system:
23 error     git pull && NODE_ENV=development webpack --progress -d --watch
23 error You can get information on how to open an issue for this project with:
23 error     npm bugs generator-react-frontend-boilerplate
23 error Or if that isn't available, you can get their info via:
23 error     npm owner ls generator-react-frontend-boilerplate
23 error There is likely additional logging output above.
24 verbose exit [ 1, true ]
